TN:
SF:src\App.tsx
FN:40,get
FN:3,App
FN:7,addToList
FN:12,removeFromList
FN:25,onChange
FN:32,onClick
FNF:6
FNH:4
FNDA:4,get
FNDA:6,App
FNDA:0,addToList
FNDA:1,removeFromList
FNDA:0,onChange
FNDA:1,onClick
DA:1,1
DA:2,1
DA:3,6
DA:4,6
DA:5,6
DA:6,6
DA:7,6
DA:8,0
DA:9,0
DA:10,0
DA:11,0
DA:12,6
DA:13,1
DA:14,1
DA:15,1
DA:16,1
DA:17,6
DA:18,6
DA:19,6
DA:20,6
DA:21,6
DA:22,6
DA:23,6
DA:24,6
DA:25,6
DA:26,6
DA:27,6
DA:28,6
DA:29,6
DA:30,12
DA:31,6
DA:32,6
DA:33,6
DA:34,6
DA:35,6
DA:36,6
DA:37,6
DA:38,6
DA:39,1
DA:40,1
LF:40
LH:36
BRDA:40,0,0,4
BRDA:3,1,0,6
BRDA:12,2,0,1
BRDA:13,3,0,1
BRDA:14,4,0,1
BRDA:14,5,0,3
BRDA:29,6,0,12
BRDA:32,7,0,1
BRF:8
BRH:8
end_of_record
