TN:
SF:src\App.tsx
FN:42,get
FN:3,App
FN:7,addToList
FN:12,removeFromList
FN:27,onChange
FN:34,onClick
FNF:6
FNH:2
FNDA:4,get
FNDA:4,App
FNDA:0,addToList
FNDA:0,removeFromList
FNDA:0,onChange
FNDA:0,onClick
DA:1,1
DA:2,1
DA:3,4
DA:4,4
DA:5,4
DA:6,4
DA:7,4
DA:8,0
DA:9,0
DA:10,0
DA:11,0
DA:12,4
DA:13,0
DA:14,0
DA:15,0
DA:16,0
DA:17,4
DA:18,4
DA:19,4
DA:20,4
DA:21,4
DA:22,4
DA:23,4
DA:24,4
DA:25,4
DA:26,4
DA:27,4
DA:28,4
DA:29,4
DA:30,4
DA:31,4
DA:32,12
DA:33,4
DA:34,4
DA:35,4
DA:36,4
DA:37,4
DA:38,4
DA:39,4
DA:40,4
DA:41,1
DA:42,1
LF:42
LH:34
BRDA:42,0,0,4
BRDA:3,1,0,4
BRDA:31,2,0,12
BRF:3
BRH:3
end_of_record
